<?xml version="1.0" encoding="UTF-8"?>
<!-- Generated by org.testng.reporters.JUnitReportReporter -->
<testsuite hostname="Sanchit-PC" failures="0" tests="4" name="TestCases.LoginPageTest" time="32.712" errors="0" timestamp="2022-06-29T12:24:49 IST" skipped="3">
  <testcase classname="TestCases.LoginPageTest" name="loginToAppTest" time="32.712"/>
  <system-out/>
  <testcase classname="TestCases.LoginPageTest" name="verifyzerodhaLogoTest">
    <skipped/>
  </testcase> <!-- verifyzerodhaLogoTest -->
  <system-out/>
  <testcase classname="TestCases.LoginPageTest" name="verifykiteLogoTest">
    <skipped/>
  </testcase> <!-- verifykiteLogoTest -->
  <system-out/>
  <testcase classname="TestCases.LoginPageTest" name="verifyTitleTest">
    <skipped/>
  </testcase> <!-- verifyTitleTest -->
  <system-out/>
</testsuite> <!-- TestCases.LoginPageTest -->
