<?xml version="1.0" encoding="UTF-8"?>
<!-- Generated by org.testng.reporters.JUnitReportReporter -->
<testsuite hostname="Sanchit-PC" failures="0" tests="3" name="TestCases.DashboardPageTest" time="89.398" errors="0" timestamp="2022-06-09T12:06:15 IST" skipped="0">
  <testcase classname="TestCases.DashboardPageTest" name="verifyEmailIdTest" time="22.643"/>
  <system-out/>
  <testcase classname="TestCases.DashboardPageTest" name="placegttorderTest" time="44.117"/>
  <system-out/>
  <testcase classname="TestCases.DashboardPageTest" name="verifyusernameTest" time="22.638"/>
  <system-out/>
</testsuite> <!-- TestCases.DashboardPageTest -->
