<?xml version="1.0" encoding="UTF-8"?>
<!-- Generated by org.testng.reporters.JUnitReportReporter -->
<testsuite hostname="Sanchit-PC" failures="0" tests="2" name="TestCases.LoginPageTest1" time="24.177" errors="0" timestamp="2022-06-23T19:23:55 IST" skipped="0">
  <testcase classname="TestCases.LoginPageTest1" name="verifyLetGetSatrtedTextTest" time="15.171"/>
  <system-out/>
  <testcase classname="TestCases.LoginPageTest1" name="verifyupstoxLogoTest" time="9.006"/>
  <system-out/>
</testsuite> <!-- TestCases.LoginPageTest1 -->
