<?xml version="1.0" encoding="UTF-8"?>
<!-- Generated by org.testng.reporters.JUnitReportReporter -->
<testsuite hostname="Sanchit-PC" failures="0" tests="3" name="TestCases.ParallelTest" time="38.629" errors="0" timestamp="2022-06-19T21:39:18 IST" skipped="0">
  <testcase classname="TestCases.ParallelTest" name="openAmazon" time="14.354"/>
  <system-out/>
  <testcase classname="TestCases.ParallelTest" name="opengoogle" time="12.529"/>
  <system-out/>
  <testcase classname="TestCases.ParallelTest" name="openfb" time="11.746"/>
  <system-out/>
</testsuite> <!-- TestCases.ParallelTest -->
