<?xml version="1.0" encoding="UTF-8"?>
<!-- Generated by org.testng.reporters.JUnitReportReporter -->
<testsuite hostname="Sanchit-PC" failures="0" tests="2" name="TestCases.GroupTest" time="17.222" errors="0" timestamp="2022-06-13T13:14:28 IST" skipped="0">
  <testcase classname="TestCases.GroupTest" name="verifykiteLogoTest" time="8.939"/>
  <system-out/>
  <testcase classname="TestCases.GroupTest" name="verifyTitleTest" time="8.283"/>
  <system-out/>
</testsuite> <!-- TestCases.GroupTest -->
